<?xml version="1.0" encoding="UTF-8"?>
<!-- Generated by org.testng.reporters.JUnitReportReporter -->
<testsuite name="com.tests.FrameEx" tests="1" time="21.543" ignored="0" failures="0" timestamp="10 Jan 2024 12:30:58 GMT" skipped="0" hostname="DESKTOP-SNIGSR3" errors="0">
  <testcase name="test01" time="21.543" classname="com.tests.FrameEx"/>
</testsuite> <!-- com.tests.FrameEx -->
