<?xml version="1.0" encoding="UTF-8"?>
<!-- Generated by org.testng.reporters.JUnitReportReporter -->
<testsuite name="com.tests.FileUploadEx" tests="1" time="19.989" ignored="0" failures="0" timestamp="11 Jan 2024 12:37:05 GMT" skipped="0" hostname="DESKTOP-SNIGSR3" errors="0">
  <testcase name="test01" time="19.989" classname="com.tests.FileUploadEx"/>
</testsuite> <!-- com.tests.FileUploadEx -->
