<?xml version="1.0" encoding="UTF-8"?>
<!-- Generated by org.testng.reporters.JUnitReportReporter -->
<testsuite name="com.tests.JavaScriptEx" tests="1" time="26.147" ignored="0" failures="0" timestamp="22 Jan 2024 12:49:27 GMT" skipped="0" hostname="DESKTOP-SNIGSR3" errors="0">
  <testcase name="test01" time="26.147" classname="com.tests.JavaScriptEx"/>
</testsuite> <!-- com.tests.JavaScriptEx -->
